<?xml version="1.0" encoding="UTF-8"?>
<!-- Generated by org.testng.reporters.JUnitReportReporter -->
<testsuite skipped="0" hostname="DESKTOP-SMONLUI" name="testNG_TC.NewTest2" tests="1" failures="0" timestamp="14 三月 2017 08:39:13 GMT" time="0.100" errors="0">
  <testcase name="f" time="0.100" classname="testNG_TC.NewTest2"/>
</testsuite> <!-- testNG_TC.NewTest2 -->
