<?xml version="1.0" encoding="UTF-8"?>
<!-- Generated by org.testng.reporters.JUnitReportReporter -->
<testsuite skipped="0" hostname="DESKTOP-SMONLUI" name="testNG_TC.NewTest1" tests="1" failures="0" timestamp="13 三月 2017 03:25:11 GMT" time="7.016" errors="0">
  <testcase name="Test1" time="7.016" classname="testNG_TC.NewTest1"/>
</testsuite> <!-- testNG_TC.NewTest1 -->
